This is pdfTeX, Version 3.14159265-2.6-1.40.20 (TeX Live 2019/W32TeX) (preloaded format=pdflatex 2019.12.18)  19 JUN 2020 14:38
entering extended mode
 restricted \write18 enabled.
 %&-line parsing enabled.
**Report.tex
(./Report.tex
LaTeX2e <2018-12-01>
(c:/Program Files/texlive/2019/texmf-dist/tex/latex/base/article.cls
Document Class: article 2018/09/03 v1.4i Standard LaTeX document class
(c:/Program Files/texlive/2019/texmf-dist/tex/latex/base/size12.clo
File: size12.clo 2018/09/03 v1.4i Standard LaTeX file (size option)
)
\c@part=\count80
\c@section=\count81
\c@subsection=\count82
\c@subsubsection=\count83
\c@paragraph=\count84
\c@subparagraph=\count85
\c@figure=\count86
\c@table=\count87
\abovecaptionskip=\skip41
\belowcaptionskip=\skip42
\bibindent=\dimen102
)
(c:/Program Files/texlive/2019/texmf-dist/tex/generic/babel/babel.sty
Package: babel 2019/04/03 3.29 The Babel package

(c:/Program Files/texlive/2019/texmf-dist/tex/generic/babel/switch.def
File: switch.def 2019/04/03 3.29 Babel switching mechanism
)
(c:/Program Files/texlive/2019/texmf-dist/tex/generic/babel-italian/italian.ldf
Language: italian 2019/01/05 v.1.4.01 Italian support for the babel system
(c:/Program Files/texlive/2019/texmf-dist/tex/generic/babel/babel.def
File: babel.def 2019/04/03 3.29 Babel common definitions
\babel@savecnt=\count88
\U@D=\dimen103

(c:/Program Files/texlive/2019/texmf-dist/tex/generic/babel/txtbabel.def)
\bbl@dirlevel=\count89
)
\it@lettering=\count90
\it@doublequoteactive=\count91
\it@ISOcompliance=\count92
)
(c:/Program Files/texlive/2019/texmf-dist/tex/generic/babel-english/english.ldf
Language: english 2017/06/06 v3.3r English support from the babel system
\l@canadian = a dialect from \language\l@american 
\l@australian = a dialect from \language\l@british 
\l@newzealand = a dialect from \language\l@british 
)) (c:/Program Files/texlive/2019/texmf-dist/tex/latex/etoolbox/etoolbox.sty
Package: etoolbox 2018/08/19 v2.5f e-TeX tools for LaTeX (JAW)
\etb@tempcnta=\count93
)
(c:/Program Files/texlive/2019/texmf-dist/tex/latex/base/inputenc.sty
Package: inputenc 2018/08/11 v1.3c Input encoding file
\inpenc@prehook=\toks14
\inpenc@posthook=\toks15
)
(c:/Program Files/texlive/2019/texmf-dist/tex/latex/base/fontenc.sty
Package: fontenc 2018/08/11 v2.0j Standard LaTeX package

(c:/Program Files/texlive/2019/texmf-dist/tex/latex/base/t1enc.def
File: t1enc.def 2018/08/11 v2.0j Standard LaTeX file
LaTeX Font Info:    Redeclaring font encoding T1 on input line 48.
))
(c:/Program Files/texlive/2019/texmf-dist/tex/latex/amsmath/amsmath.sty
Package: amsmath 2018/12/01 v2.17b AMS math features
\@mathmargin=\skip43

For additional information on amsmath, use the `?' option.
(c:/Program Files/texlive/2019/texmf-dist/tex/latex/amsmath/amstext.sty
Package: amstext 2000/06/29 v2.01 AMS text

(c:/Program Files/texlive/2019/texmf-dist/tex/latex/amsmath/amsgen.sty
File: amsgen.sty 1999/11/30 v2.0 generic functions
\@emptytoks=\toks16
\ex@=\dimen104
))
(c:/Program Files/texlive/2019/texmf-dist/tex/latex/amsmath/amsbsy.sty
Package: amsbsy 1999/11/29 v1.2d Bold Symbols
\pmbraise@=\dimen105
)
(c:/Program Files/texlive/2019/texmf-dist/tex/latex/amsmath/amsopn.sty
Package: amsopn 2016/03/08 v2.02 operator names
)
\inf@bad=\count94
LaTeX Info: Redefining \frac on input line 223.
\uproot@=\count95
\leftroot@=\count96
LaTeX Info: Redefining \overline on input line 385.
\classnum@=\count97
\DOTSCASE@=\count98
LaTeX Info: Redefining \ldots on input line 482.
LaTeX Info: Redefining \dots on input line 485.
LaTeX Info: Redefining \cdots on input line 606.
\Mathstrutbox@=\box27
\strutbox@=\box28
\big@size=\dimen106
LaTeX Font Info:    Redeclaring font encoding OML on input line 729.
LaTeX Font Info:    Redeclaring font encoding OMS on input line 730.
\macc@depth=\count99
\c@MaxMatrixCols=\count100
\dotsspace@=\muskip10
\c@parentequation=\count101
\dspbrk@lvl=\count102
\tag@help=\toks17
\row@=\count103
\column@=\count104
\maxfields@=\count105
\andhelp@=\toks18
\eqnshift@=\dimen107
\alignsep@=\dimen108
\tagshift@=\dimen109
\tagwidth@=\dimen110
\totwidth@=\dimen111
\lineht@=\dimen112
\@envbody=\toks19
\multlinegap=\skip44
\multlinetaggap=\skip45
\mathdisplay@stack=\toks20
LaTeX Info: Redefining \[ on input line 2844.
LaTeX Info: Redefining \] on input line 2845.
)
(c:/Program Files/texlive/2019/texmf-dist/tex/latex/amsfonts/amssymb.sty
Package: amssymb 2013/01/14 v3.01 AMS font symbols

(c:/Program Files/texlive/2019/texmf-dist/tex/latex/amsfonts/amsfonts.sty
Package: amsfonts 2013/01/14 v3.01 Basic AMSFonts support
\symAMSa=\mathgroup4
\symAMSb=\mathgroup5
LaTeX Font Info:    Overwriting math alphabet `\mathfrak' in version `bold'
(Font)                  U/euf/m/n --> U/euf/b/n on input line 106.
))
(c:/Program Files/texlive/2019/texmf-dist/tex/latex/subfig/subfig.sty
Package: subfig 2005/06/28 ver: 1.3 subfig package

(c:/Program Files/texlive/2019/texmf-dist/tex/latex/graphics/keyval.sty
Package: keyval 2014/10/28 v1.15 key=value parser (DPC)
\KV@toks@=\toks21
)
(c:/Program Files/texlive/2019/texmf-dist/tex/latex/caption/caption.sty
Package: caption 2018/10/06 v3.3-154 Customizing captions (AR)

(c:/Program Files/texlive/2019/texmf-dist/tex/latex/caption/caption3.sty
Package: caption3 2018/09/12 v1.8c caption3 kernel (AR)
Package caption3 Info: TeX engine: e-TeX on input line 64.
\captionmargin=\dimen113
\captionmargin@=\dimen114
\captionwidth=\dimen115
\caption@tempdima=\dimen116
\caption@indent=\dimen117
\caption@parindent=\dimen118
\caption@hangindent=\dimen119
)
\c@caption@flags=\count106
\c@ContinuedFloat=\count107
)
\c@KVtest=\count108
\sf@farskip=\skip46
\sf@captopadj=\dimen120
\sf@capskip=\skip47
\sf@nearskip=\skip48
\c@subfigure=\count109
\c@subfigure@save=\count110
\c@lofdepth=\count111
\c@subtable=\count112
\c@subtable@save=\count113
\c@lotdepth=\count114
\sf@top=\skip49
\sf@bottom=\skip50
)
(c:/Program Files/texlive/2019/texmf-dist/tex/latex/graphics/graphicx.sty
Package: graphicx 2017/06/01 v1.1a Enhanced LaTeX Graphics (DPC,SPQR)

(c:/Program Files/texlive/2019/texmf-dist/tex/latex/graphics/graphics.sty
Package: graphics 2017/06/25 v1.2c Standard LaTeX Graphics (DPC,SPQR)

(c:/Program Files/texlive/2019/texmf-dist/tex/latex/graphics/trig.sty
Package: trig 2016/01/03 v1.10 sin cos tan (DPC)
)
(c:/Program Files/texlive/2019/texmf-dist/tex/latex/graphics-cfg/graphics.cfg
File: graphics.cfg 2016/06/04 v1.11 sample graphics configuration
)
Package graphics Info: Driver file: pdftex.def on input line 99.

(c:/Program Files/texlive/2019/texmf-dist/tex/latex/graphics-def/pdftex.def
File: pdftex.def 2018/01/08 v1.0l Graphics/color driver for pdftex
))
\Gin@req@height=\dimen121
\Gin@req@width=\dimen122
)
(c:/Program Files/texlive/2019/texmf-dist/tex/latex/listings/listings.sty
\lst@mode=\count115
\lst@gtempboxa=\box29
\lst@token=\toks22
\lst@length=\count116
\lst@currlwidth=\dimen123
\lst@column=\count117
\lst@pos=\count118
\lst@lostspace=\dimen124
\lst@width=\dimen125
\lst@newlines=\count119
\lst@lineno=\count120
\lst@maxwidth=\dimen126

(c:/Program Files/texlive/2019/texmf-dist/tex/latex/listings/lstmisc.sty
File: lstmisc.sty 2019/02/27 1.8b (Carsten Heinz)
\c@lstnumber=\count121
\lst@skipnumbers=\count122
\lst@framebox=\box30
)
(c:/Program Files/texlive/2019/texmf-dist/tex/latex/listings/listings.cfg
File: listings.cfg 2019/02/27 1.8b listings configuration
))
Package: listings 2019/02/27 1.8b (Carsten Heinz)

(c:/Program Files/texlive/2019/texmf-dist/tex/latex/csquotes/csquotes.sty
Package: csquotes 2018/04/13 v5.2d context-sensitive quotations (JAW)
\csq@reset=\count123
\csq@gtype=\count124
\csq@glevel=\count125
\csq@qlevel=\count126
\csq@maxlvl=\count127
\csq@tshold=\count128
\csq@ltx@everypar=\toks23

(c:/Program Files/texlive/2019/texmf-dist/tex/latex/csquotes/csquotes.def
File: csquotes.def 2018/04/13 v5.2d csquotes generic definitions (JAW)
)
Package csquotes Info: Trying to load configuration file 'csquotes.cfg'...
Package csquotes Info: ... configuration file loaded successfully.

(c:/Program Files/texlive/2019/texmf-dist/tex/latex/csquotes/csquotes.cfg
File: csquotes.cfg 
)
Package csquotes Info: Enabling multilingual quotes.
Package csquotes Info: Redefining alias 'italian' -> 'italian/guillemets'.
)
(c:/Program Files/texlive/2019/texmf-dist/tex/latex/biblatex/biblatex.sty
Package: biblatex 2018/11/02 v3.12 programmable bibliographies (PK/MW)

(c:/Program Files/texlive/2019/texmf-dist/tex/generic/oberdiek/pdftexcmds.sty
Package: pdftexcmds 2018/09/10 v0.29 Utility functions of pdfTeX for LuaTeX (HO
)

(c:/Program Files/texlive/2019/texmf-dist/tex/generic/oberdiek/infwarerr.sty
Package: infwarerr 2016/05/16 v1.4 Providing info/warning/error messages (HO)
)
(c:/Program Files/texlive/2019/texmf-dist/tex/generic/oberdiek/ifluatex.sty
Package: ifluatex 2016/05/16 v1.4 Provides the ifluatex switch (HO)
Package ifluatex Info: LuaTeX not detected.
)
(c:/Program Files/texlive/2019/texmf-dist/tex/generic/oberdiek/ltxcmds.sty
Package: ltxcmds 2016/05/16 v1.23 LaTeX kernel commands for general use (HO)
)
(c:/Program Files/texlive/2019/texmf-dist/tex/generic/oberdiek/ifpdf.sty
Package: ifpdf 2018/09/07 v3.3 Provides the ifpdf switch
)
Package pdftexcmds Info: LuaTeX not detected.
Package pdftexcmds Info: \pdf@primitive is available.
Package pdftexcmds Info: \pdf@ifprimitive is available.
Package pdftexcmds Info: \pdfdraftmode found.
)
(c:/Program Files/texlive/2019/texmf-dist/tex/latex/oberdiek/kvoptions.sty
Package: kvoptions 2016/05/16 v3.12 Key value format for package options (HO)

(c:/Program Files/texlive/2019/texmf-dist/tex/generic/oberdiek/kvsetkeys.sty
Package: kvsetkeys 2016/05/16 v1.17 Key value parser (HO)

(c:/Program Files/texlive/2019/texmf-dist/tex/generic/oberdiek/etexcmds.sty
Package: etexcmds 2016/05/16 v1.6 Avoid name clashes with e-TeX commands (HO)
)))
(c:/Program Files/texlive/2019/texmf-dist/tex/latex/logreq/logreq.sty
Package: logreq 2010/08/04 v1.0 xml request logger
\lrq@indent=\count129

(c:/Program Files/texlive/2019/texmf-dist/tex/latex/logreq/logreq.def
File: logreq.def 2010/08/04 v1.0 logreq spec v1.0
))
(c:/Program Files/texlive/2019/texmf-dist/tex/latex/base/ifthen.sty
Package: ifthen 2014/09/29 v1.1c Standard LaTeX ifthen package (DPC)
)
(c:/Program Files/texlive/2019/texmf-dist/tex/latex/url/url.sty
\Urlmuskip=\muskip11
Package: url 2013/09/16  ver 3.4  Verb mode for urls, etc.
)
\c@tabx@nest=\count130
\c@listtotal=\count131
\c@listcount=\count132
\c@liststart=\count133
\c@liststop=\count134
\c@citecount=\count135
\c@citetotal=\count136
\c@multicitecount=\count137
\c@multicitetotal=\count138
\c@instcount=\count139
\c@maxnames=\count140
\c@minnames=\count141
\c@maxitems=\count142
\c@minitems=\count143
\c@citecounter=\count144
\c@maxcitecounter=\count145
\c@savedcitecounter=\count146
\c@uniquelist=\count147
\c@uniquename=\count148
\c@refsection=\count149
\c@refsegment=\count150
\c@maxextratitle=\count151
\c@maxextratitleyear=\count152
\c@maxextraname=\count153
\c@maxextradate=\count154
\c@maxextraalpha=\count155
\c@abbrvpenalty=\count156
\c@highnamepenalty=\count157
\c@lownamepenalty=\count158
\c@maxparens=\count159
\c@parenlevel=\count160
\blx@tempcnta=\count161
\blx@tempcntb=\count162
\blx@tempcntc=\count163
\blx@maxsection=\count164
\blx@maxsegment@0=\count165
\blx@notetype=\count166
\blx@parenlevel@text=\count167
\blx@parenlevel@foot=\count168
\blx@sectionciteorder@0=\count169
\blx@entrysetcounter=\count170
\labelnumberwidth=\skip51
\labelalphawidth=\skip52
\biblabelsep=\skip53
\bibitemsep=\skip54
\bibnamesep=\skip55
\bibinitsep=\skip56
\bibparsep=\skip57
\bibhang=\skip58
\blx@bcfin=\read1
\blx@bcfout=\write3
\c@mincomprange=\count171
\c@maxcomprange=\count172
\c@mincompwidth=\count173
Package biblatex Info: Trying to load biblatex default data model...
Package biblatex Info: ... file 'blx-dm.def' found.

(c:/Program Files/texlive/2019/texmf-dist/tex/latex/biblatex/blx-dm.def
File: blx-dm.def 2018/11/02 v3.12 biblatex localization (PK/MW)
)
Package biblatex Info: Trying to load biblatex style data model...
Package biblatex Info: ... file 'numeric.dbx' not found.
Package biblatex Info: Trying to load biblatex custom data model...
Package biblatex Info: ... file 'biblatex-dm.cfg' not found.
\c@afterword=\count174
\c@savedafterword=\count175
\c@annotator=\count176
\c@savedannotator=\count177
\c@author=\count178
\c@savedauthor=\count179
\c@bookauthor=\count180
\c@savedbookauthor=\count181
\c@commentator=\count182
\c@savedcommentator=\count183
\c@editor=\count184
\c@savededitor=\count185
\c@editora=\count186
\c@savededitora=\count187
\c@editorb=\count188
\c@savededitorb=\count189
\c@editorc=\count190
\c@savededitorc=\count191
\c@foreword=\count192
\c@savedforeword=\count193
\c@holder=\count194
\c@savedholder=\count195
\c@introduction=\count196
\c@savedintroduction=\count197
\c@namea=\count198
\c@savednamea=\count199
\c@nameb=\count266
\c@savednameb=\count267
\c@namec=\count268
\c@savednamec=\count269
\c@translator=\count270
\c@savedtranslator=\count271
\c@shortauthor=\count272
\c@savedshortauthor=\count273
\c@shorteditor=\count274
\c@savedshorteditor=\count275
\c@labelname=\count276
\c@savedlabelname=\count277
\c@institution=\count278
\c@savedinstitution=\count279
\c@lista=\count280
\c@savedlista=\count281
\c@listb=\count282
\c@savedlistb=\count283
\c@listc=\count284
\c@savedlistc=\count285
\c@listd=\count286
\c@savedlistd=\count287
\c@liste=\count288
\c@savedliste=\count289
\c@listf=\count290
\c@savedlistf=\count291
\c@location=\count292
\c@savedlocation=\count293
\c@organization=\count294
\c@savedorganization=\count295
\c@origlocation=\count296
\c@savedoriglocation=\count297
\c@origpublisher=\count298
\c@savedorigpublisher=\count299
\c@publisher=\count300
\c@savedpublisher=\count301
\c@language=\count302
\c@savedlanguage=\count303
\c@origlanguage=\count304
\c@savedoriglanguage=\count305
\c@pageref=\count306
\c@savedpageref=\count307
\shorthandwidth=\skip59
\shortjournalwidth=\skip60
\shortserieswidth=\skip61
\shorttitlewidth=\skip62
\shortauthorwidth=\skip63
\shorteditorwidth=\skip64
\locallabelnumberwidth=\skip65
\locallabelalphawidth=\skip66
\localshorthandwidth=\skip67
\localshortjournalwidth=\skip68
\localshortserieswidth=\skip69
\localshorttitlewidth=\skip70
\localshortauthorwidth=\skip71
\localshorteditorwidth=\skip72
Package biblatex Info: Trying to load compatibility code...
Package biblatex Info: ... file 'blx-compat.def' found.

(c:/Program Files/texlive/2019/texmf-dist/tex/latex/biblatex/blx-compat.def
File: blx-compat.def 2018/11/02 v3.12 biblatex compatibility (PK/MW)
)
Package biblatex Info: Trying to load generic definitions...
Package biblatex Info: ... file 'biblatex.def' found.

(c:/Program Files/texlive/2019/texmf-dist/tex/latex/biblatex/biblatex.def
File: biblatex.def 2018/11/02 v3.12 biblatex compatibility (PK/MW)
\c@textcitecount=\count308
\c@textcitetotal=\count309
\c@textcitemaxnames=\count310
\c@biburlnumpenalty=\count311
\c@biburlucpenalty=\count312
\c@biburllcpenalty=\count313
\c@smartand=\count314
)
Package biblatex Info: Trying to load bibliography style 'numeric'...
Package biblatex Info: ... file 'numeric.bbx' found.

(c:/Program Files/texlive/2019/texmf-dist/tex/latex/biblatex/bbx/numeric.bbx
File: numeric.bbx 2018/11/02 v3.12 biblatex bibliography style (PK/MW)
Package biblatex Info: Trying to load bibliography style 'standard'...
Package biblatex Info: ... file 'standard.bbx' found.

(c:/Program Files/texlive/2019/texmf-dist/tex/latex/biblatex/bbx/standard.bbx
File: standard.bbx 2018/11/02 v3.12 biblatex bibliography style (PK/MW)
\c@bbx:relatedcount=\count315
\c@bbx:relatedtotal=\count316
))
Package biblatex Info: Trying to load citation style 'numeric'...
Package biblatex Info: ... file 'numeric.cbx' found.
(c:/Program Files/texlive/2019/texmf-dist/tex/latex/biblatex/cbx/numeric.cbx
File: numeric.cbx 2018/11/02 v3.12 biblatex citation style (PK/MW)
Package biblatex Info: Redefining '\cite'.
Package biblatex Info: Redefining '\parencite'.
Package biblatex Info: Redefining '\footcite'.
Package biblatex Info: Redefining '\footcitetext'.
Package biblatex Info: Redefining '\smartcite'.
Package biblatex Info: Redefining '\supercite'.
Package biblatex Info: Redefining '\textcite'.
Package biblatex Info: Redefining '\textcites'.
Package biblatex Info: Redefining '\cites'.
Package biblatex Info: Redefining '\parencites'.
Package biblatex Info: Redefining '\smartcites'.
)
Package biblatex Info: Trying to load configuration file...
Package biblatex Info: ... file 'biblatex.cfg' found.

(c:/Program Files/texlive/2019/texmf-dist/tex/latex/biblatex/biblatex.cfg
File: biblatex.cfg 
))
(c:/Program Files/texlive/2019/texmf-dist/tex/latex/float/float.sty
Package: float 2001/11/08 v1.3d Float enhancements (AL)
\c@float@type=\count317
\float@exts=\toks24
\float@box=\box31
\@float@everytoks=\toks25
\@floatcapt=\box32
)
(c:/Program Files/texlive/2019/texmf-dist/tex/latex/hyperref/hyperref.sty
Package: hyperref 2018/11/30 v6.88e Hypertext links for LaTeX

(c:/Program Files/texlive/2019/texmf-dist/tex/generic/oberdiek/hobsub-hyperref.
sty
Package: hobsub-hyperref 2016/05/16 v1.14 Bundle oberdiek, subset hyperref (HO)


(c:/Program Files/texlive/2019/texmf-dist/tex/generic/oberdiek/hobsub-generic.s
ty
Package: hobsub-generic 2016/05/16 v1.14 Bundle oberdiek, subset generic (HO)
Package: hobsub 2016/05/16 v1.14 Construct package bundles (HO)
Package hobsub Info: Skipping package `infwarerr' (already loaded).
Package hobsub Info: Skipping package `ltxcmds' (already loaded).
Package hobsub Info: Skipping package `ifluatex' (already loaded).
Package: ifvtex 2016/05/16 v1.6 Detect VTeX and its facilities (HO)
Package ifvtex Info: VTeX not detected.
Package: intcalc 2016/05/16 v1.2 Expandable calculations with integers (HO)
Package hobsub Info: Skipping package `ifpdf' (already loaded).
Package hobsub Info: Skipping package `etexcmds' (already loaded).
Package hobsub Info: Skipping package `kvsetkeys' (already loaded).
Package: kvdefinekeys 2016/05/16 v1.4 Define keys (HO)
Package hobsub Info: Skipping package `pdftexcmds' (already loaded).
Package: pdfescape 2016/05/16 v1.14 Implements pdfTeX's escape features (HO)
Package: bigintcalc 2016/05/16 v1.4 Expandable calculations on big integers (HO
)
Package: bitset 2016/05/16 v1.2 Handle bit-vector datatype (HO)
Package: uniquecounter 2016/05/16 v1.3 Provide unlimited unique counter (HO)
)
Package hobsub Info: Skipping package `hobsub' (already loaded).
Package: letltxmacro 2016/05/16 v1.5 Let assignment for LaTeX macros (HO)
Package: hopatch 2016/05/16 v1.3 Wrapper for package hooks (HO)
Package: xcolor-patch 2016/05/16 xcolor patch
Package: atveryend 2016/05/16 v1.9 Hooks at the very end of document (HO)
Package: atbegshi 2016/06/09 v1.18 At begin shipout hook (HO)
Package: refcount 2016/05/16 v3.5 Data extraction from label references (HO)
Package: hycolor 2016/05/16 v1.8 Color options for hyperref/bookmark (HO)
) (c:/Program Files/texlive/2019/texmf-dist/tex/generic/ifxetex/ifxetex.sty
Package: ifxetex 2010/09/12 v0.6 Provides ifxetex conditional
) (c:/Program Files/texlive/2019/texmf-dist/tex/latex/oberdiek/auxhook.sty
Package: auxhook 2016/05/16 v1.4 Hooks for auxiliary files (HO)
)
\@linkdim=\dimen127
\Hy@linkcounter=\count318
\Hy@pagecounter=\count319

(c:/Program Files/texlive/2019/texmf-dist/tex/latex/hyperref/pd1enc.def
File: pd1enc.def 2018/11/30 v6.88e Hyperref: PDFDocEncoding definition (HO)
Now handling font encoding PD1 ...
... no UTF-8 mapping file for font encoding PD1
)
\Hy@SavedSpaceFactor=\count320

(c:/Program Files/texlive/2019/texmf-dist/tex/latex/latexconfig/hyperref.cfg
File: hyperref.cfg 2002/06/06 v1.2 hyperref configuration of TeXLive
)
Package hyperref Info: Hyper figures OFF on input line 4519.
Package hyperref Info: Link nesting OFF on input line 4524.
Package hyperref Info: Hyper index ON on input line 4527.
Package hyperref Info: Plain pages OFF on input line 4534.
Package hyperref Info: Backreferencing OFF on input line 4539.
Package hyperref Info: Implicit mode ON; LaTeX internals redefined.
Package hyperref Info: Bookmarks ON on input line 4772.
\c@Hy@tempcnt=\count321
LaTeX Info: Redefining \url on input line 5125.
\XeTeXLinkMargin=\dimen128
\Fld@menulength=\count322
\Field@Width=\dimen129
\Fld@charsize=\dimen130
Package hyperref Info: Hyper figures OFF on input line 6380.
Package hyperref Info: Link nesting OFF on input line 6385.
Package hyperref Info: Hyper index ON on input line 6388.
Package hyperref Info: backreferencing OFF on input line 6395.
Package hyperref Info: Link coloring OFF on input line 6400.
Package hyperref Info: Link coloring with OCG OFF on input line 6405.
Package hyperref Info: PDF/A mode OFF on input line 6410.
LaTeX Info: Redefining \ref on input line 6450.
LaTeX Info: Redefining \pageref on input line 6454.
\Hy@abspage=\count323
\c@Item=\count324
\c@Hfootnote=\count325
)
Package hyperref Info: Driver (autodetected): hpdftex.

(c:/Program Files/texlive/2019/texmf-dist/tex/latex/hyperref/hpdftex.def
File: hpdftex.def 2018/11/30 v6.88e Hyperref driver for pdfTeX
\Fld@listcount=\count326
\c@bookmark@seq@number=\count327

(c:/Program Files/texlive/2019/texmf-dist/tex/latex/oberdiek/rerunfilecheck.sty
Package: rerunfilecheck 2016/05/16 v1.8 Rerun checks for auxiliary files (HO)
Package uniquecounter Info: New unique counter `rerunfilecheck' on input line 2
82.
)
\Hy@SectionHShift=\skip73
)

Package hyperref Warning: Option `bookmarks' has already been used,
(hyperref)                setting the option has no effect on input line 47.

Package hyperref Info: Option `unicode' set `false' on input line 47.
Package hyperref Info: Option `pdftoolbar' set `true' on input line 47.
Package hyperref Info: Option `pdfmenubar' set `true' on input line 47.
Package hyperref Info: Option `pdffitwindow' set `false' on input line 47.

Package hyperref Warning: Token not allowed in a PDF string (PDFDocEncoding):
(hyperref)                removing `math shift' on input line 47.


Package hyperref Warning: Token not allowed in a PDF string (PDFDocEncoding):
(hyperref)                removing `subscript' on input line 47.


Package hyperref Warning: Token not allowed in a PDF string (PDFDocEncoding):
(hyperref)                removing `math shift' on input line 47.


Package hyperref Warning: Option `pdfpagelabels' has already been used,
(hyperref)                setting the option has no effect on input line 47.

Package hyperref Info: Option `colorlinks' set `false' on input line 47.
Package csquotes Info: Checking for multilingual support...
Package csquotes Info: ... found 'babel' package.
Package biblatex Info: Trying to load language 'english'...
Package biblatex Info: ... file 'english.lbx' found.
(c:/Program Files/texlive/2019/texmf-dist/tex/latex/biblatex/lbx/english.lbx
File: english.lbx 2018/11/02 v3.12 biblatex localization (PK/MW)
)
Package biblatex Info: Trying to load language 'italian'...
Package biblatex Info: ... file 'italian.lbx' found.

(c:/Program Files/texlive/2019/texmf-dist/tex/latex/biblatex/lbx/italian.lbx
File: italian.lbx 2018/11/02 v3.12 biblatex localization (PK/MW)
)
(./Report.aux)
\openout1 = `Report.aux'.

LaTeX Font Info:    Checking defaults for OML/cmm/m/it on input line 54.
LaTeX Font Info:    ... okay on input line 54.
LaTeX Font Info:    Checking defaults for T1/cmr/m/n on input line 54.
LaTeX Font Info:    ... okay on input line 54.
LaTeX Font Info:    Checking defaults for OT1/cmr/m/n on input line 54.
LaTeX Font Info:    ... okay on input line 54.
LaTeX Font Info:    Checking defaults for OMS/cmsy/m/n on input line 54.
LaTeX Font Info:    ... okay on input line 54.
LaTeX Font Info:    Checking defaults for OMX/cmex/m/n on input line 54.
LaTeX Font Info:    ... okay on input line 54.
LaTeX Font Info:    Checking defaults for U/cmr/m/n on input line 54.
LaTeX Font Info:    ... okay on input line 54.
LaTeX Font Info:    Checking defaults for PD1/pdf/m/n on input line 54.
LaTeX Font Info:    ... okay on input line 54.
LaTeX Info: Redefining \it@ocap on input line 54.
LaTeX Info: Redefining \it@ccap on input line 54.
Package caption Info: Begin \AtBeginDocument code.
Package caption Info: subfig package v1.3 is loaded.
Package caption Info: float package is loaded.
Package caption Info: hyperref package is loaded.
Package caption Info: listings package is loaded.
Package caption Info: End \AtBeginDocument code.

(c:/Program Files/texlive/2019/texmf-dist/tex/context/base/mkii/supp-pdf.mkii
[Loading MPS to PDF converter (version 2006.09.02).]
\scratchcounter=\count328
\scratchdimen=\dimen131
\scratchbox=\box33
\nofMPsegments=\count329
\nofMParguments=\count330
\everyMPshowfont=\toks26
\MPscratchCnt=\count331
\MPscratchDim=\dimen132
\MPnumerator=\count332
\makeMPintoPDFobject=\count333
\everyMPtoPDFconversion=\toks27
)
(c:/Program Files/texlive/2019/texmf-dist/tex/latex/oberdiek/epstopdf-base.sty
Package: epstopdf-base 2016/05/15 v2.6 Base part for package epstopdf

(c:/Program Files/texlive/2019/texmf-dist/tex/latex/oberdiek/grfext.sty
Package: grfext 2016/05/16 v1.2 Manage graphics extensions (HO)
)
Package epstopdf-base Info: Redefining graphics rule for `.eps' on input line 4
38.
Package grfext Info: Graphics extension search list:
(grfext)             [.pdf,.png,.jpg,.mps,.jpeg,.jbig2,.jb2,.PDF,.PNG,.JPG,.JPE
G,.JBIG2,.JB2,.eps]
(grfext)             \AppendGraphicsExtensions on input line 456.

(c:/Program Files/texlive/2019/texmf-dist/tex/latex/latexconfig/epstopdf-sys.cf
g
File: epstopdf-sys.cfg 2010/07/13 v1.3 Configuration of (r)epstopdf for TeX Liv
e
))
\c@lstlisting=\count334
Package biblatex Info: Input encoding 'utf8' detected.
Package biblatex Info: Automatic encoding selection.
(biblatex)             Assuming data encoding 'utf8'.
\openout3 = `Report.bcf'.

Package biblatex Info: Trying to load bibliographic data...
Package biblatex Info: ... file 'Report.bbl' found.
 (./Report.bbl)
Package biblatex Info: Reference section=0 on input line 54.
Package biblatex Info: Reference segment=0 on input line 54.
\AtBeginShipoutBox=\box34
Package hyperref Info: Link coloring OFF on input line 54.

(c:/Program Files/texlive/2019/texmf-dist/tex/latex/hyperref/nameref.sty
Package: nameref 2016/05/21 v2.44 Cross-referencing by name of section

(c:/Program Files/texlive/2019/texmf-dist/tex/generic/oberdiek/gettitlestring.s
ty
Package: gettitlestring 2016/05/16 v1.5 Cleanup title references (HO)
)
\c@section@level=\count335
)
LaTeX Info: Redefining \ref on input line 54.
LaTeX Info: Redefining \pageref on input line 54.
LaTeX Info: Redefining \nameref on input line 54.
 (./Report.out) (./Report.out)
\@outlinefile=\write4
\openout4 = `Report.out'.

<Immagini/univpmlogo.png, id=8, 602.25pt x 602.25pt>
File: Immagini/univpmlogo.png Graphic file (type png)
<use Immagini/univpmlogo.png>
Package pdftex.def Info: Immagini/univpmlogo.png  used on input line 59.
(pdftex.def)             Requested size: 77.99881pt x 77.99199pt.
LaTeX Font Info:    Try loading font information for U+msa on input line 64.

(c:/Program Files/texlive/2019/texmf-dist/tex/latex/amsfonts/umsa.fd
File: umsa.fd 2013/01/14 v3.01 AMS symbols A
)
LaTeX Font Info:    Try loading font information for U+msb on input line 64.

(c:/Program Files/texlive/2019/texmf-dist/tex/latex/amsfonts/umsb.fd
File: umsb.fd 2013/01/14 v3.01 AMS symbols B
) [1

{c:/Program Files/texlive/2019/texmf-var/fonts/map/pdftex/updmap/pdftex.map} <.
/Immagini/univpmlogo.png>] (./Report.toc)
\tf@toc=\write5
\openout5 = `Report.toc'.

 [1]
Package epstopdf Info: Source file: <Grafici/monolayer_Id(Vd).eps>
(epstopdf)                    date: 2020-06-19 14:23:20
(epstopdf)                    size: 105373 bytes
(epstopdf)             Output file: <Grafici/monolayer_Id(Vd)-eps-converted-to.
pdf>
(epstopdf)                    date: 2020-06-19 14:31:29
(epstopdf)                    size: 63531 bytes
(epstopdf)             Command: <repstopdf --outfile=Grafici/monolayer_Id(Vd)-e
ps-converted-to.pdf Grafici/monolayer_Id(Vd).eps>
(epstopdf)             \includegraphics on input line 89.
Package epstopdf Info: Output file is already uptodate.
<Grafici/monolayer_Id(Vd)-eps-converted-to.pdf, id=32, 376.40625pt x 292.09125p
t>
File: Grafici/monolayer_Id(Vd)-eps-converted-to.pdf Graphic file (type pdf)
<use Grafici/monolayer_Id(Vd)-eps-converted-to.pdf>
Package pdftex.def Info: Grafici/monolayer_Id(Vd)-eps-converted-to.pdf  used on
 input line 89.
(pdftex.def)             Requested size: 390.0pt x 302.66238pt.
Package epstopdf Info: Source file: <Grafici/monolayer_Id(Vg).eps>
(epstopdf)                    date: 2020-06-19 14:23:22
(epstopdf)                    size: 103658 bytes
(epstopdf)             Output file: <Grafici/monolayer_Id(Vg)-eps-converted-to.
pdf>
(epstopdf)                    date: 2020-06-19 14:31:31
(epstopdf)                    size: 63308 bytes
(epstopdf)             Command: <repstopdf --outfile=Grafici/monolayer_Id(Vg)-e
ps-converted-to.pdf Grafici/monolayer_Id(Vg).eps>
(epstopdf)             \includegraphics on input line 96.
Package epstopdf Info: Output file is already uptodate.
<Grafici/monolayer_Id(Vg)-eps-converted-to.pdf, id=33, 368.37625pt x 292.09125p
t>
File: Grafici/monolayer_Id(Vg)-eps-converted-to.pdf Graphic file (type pdf)
<use Grafici/monolayer_Id(Vg)-eps-converted-to.pdf>
Package pdftex.def Info: Grafici/monolayer_Id(Vg)-eps-converted-to.pdf  used on
 input line 96.
(pdftex.def)             Requested size: 390.0pt x 309.23639pt.
 [1 <./Grafici/monolayer_Id(Vd)-eps-converted-to.pdf>]
Package epstopdf Info: Source file: <Grafici/4layer_Id(Vd).eps>
(epstopdf)                    date: 2020-06-19 14:23:23
(epstopdf)                    size: 118344 bytes
(epstopdf)             Output file: <Grafici/4layer_Id(Vd)-eps-converted-to.pdf
>
(epstopdf)                    date: 2020-06-19 14:27:35
(epstopdf)                    size: 62269 bytes
(epstopdf)             Command: <repstopdf --outfile=Grafici/4layer_Id(Vd)-eps-
converted-to.pdf Grafici/4layer_Id(Vd).eps>
(epstopdf)             \includegraphics on input line 103.
Package epstopdf Info: Output file is already uptodate.
<Grafici/4layer_Id(Vd)-eps-converted-to.pdf, id=47, 824.07875pt x 447.6725pt>
File: Grafici/4layer_Id(Vd)-eps-converted-to.pdf Graphic file (type pdf)
<use Grafici/4layer_Id(Vd)-eps-converted-to.pdf>
Package pdftex.def Info: Grafici/4layer_Id(Vd)-eps-converted-to.pdf  used on in
put line 103.
(pdftex.def)             Requested size: 390.0pt x 211.86108pt.
 [2 <./Grafici/monolayer_Id(Vg)-eps-converted-to.pdf>]
Package epstopdf Info: Source file: <Grafici/4layer_Id(Vg).eps>
(epstopdf)                    date: 2020-06-19 14:23:27
(epstopdf)                    size: 116220 bytes
(epstopdf)             Output file: <Grafici/4layer_Id(Vg)-eps-converted-to.pdf
>
(epstopdf)                    date: 2020-06-19 14:32:32
(epstopdf)                    size: 61732 bytes
(epstopdf)             Command: <repstopdf --outfile=Grafici/4layer_Id(Vg)-eps-
converted-to.pdf Grafici/4layer_Id(Vg).eps>
(epstopdf)             \includegraphics on input line 110.
Package epstopdf Info: Output file is already uptodate.
<Grafici/4layer_Id(Vg)-eps-converted-to.pdf, id=58, 368.37625pt x 292.09125pt>
File: Grafici/4layer_Id(Vg)-eps-converted-to.pdf Graphic file (type pdf)
<use Grafici/4layer_Id(Vg)-eps-converted-to.pdf>
Package pdftex.def Info: Grafici/4layer_Id(Vg)-eps-converted-to.pdf  used on in
put line 110.
(pdftex.def)             Requested size: 390.0pt x 309.23639pt.
 [3 <./Grafici/4layer_Id(Vd)-eps-converted-to.pdf>]
Package epstopdf Info: Source file: <Grafici/Id(Vd)_HfO2_MoS2.eps>
(epstopdf)                    date: 2020-06-19 14:23:29
(epstopdf)                    size: 54486 bytes
(epstopdf)             Output file: <Grafici/Id(Vd)_HfO2_MoS2-eps-converted-to.
pdf>
(epstopdf)                    date: 2020-06-19 14:33:38
(epstopdf)                    size: 28118 bytes
(epstopdf)             Command: <repstopdf --outfile=Grafici/Id(Vd)_HfO2_MoS2-e
ps-converted-to.pdf Grafici/Id(Vd)_HfO2_MoS2.eps>
(epstopdf)             \includegraphics on input line 117.
Package epstopdf Info: Output file is already uptodate.
<Grafici/Id(Vd)_HfO2_MoS2-eps-converted-to.pdf, id=69, 368.37625pt x 292.09125p
t>
File: Grafici/Id(Vd)_HfO2_MoS2-eps-converted-to.pdf Graphic file (type pdf)
<use Grafici/Id(Vd)_HfO2_MoS2-eps-converted-to.pdf>
Package pdftex.def Info: Grafici/Id(Vd)_HfO2_MoS2-eps-converted-to.pdf  used on
 input line 117.
(pdftex.def)             Requested size: 390.0pt x 309.23639pt.
 [4 <./Grafici/4layer_Id(Vg)-eps-converted-to.pdf>]
Package epstopdf Info: Source file: <Grafici/Id(Vbg)_HfO2_MoS2.eps>
(epstopdf)                    date: 2020-06-19 14:23:30
(epstopdf)                    size: 40980 bytes
(epstopdf)             Output file: <Grafici/Id(Vbg)_HfO2_MoS2-eps-converted-to
.pdf>
(epstopdf)                    date: 2020-06-19 14:36:14
(epstopdf)                    size: 17319 bytes
(epstopdf)             Command: <repstopdf --outfile=Grafici/Id(Vbg)_HfO2_MoS2-
eps-converted-to.pdf Grafici/Id(Vbg)_HfO2_MoS2.eps>
(epstopdf)             \includegraphics on input line 124.
Package epstopdf Info: Output file is already uptodate.
<Grafici/Id(Vbg)_HfO2_MoS2-eps-converted-to.pdf, id=80, 368.37625pt x 292.09125
pt>
File: Grafici/Id(Vbg)_HfO2_MoS2-eps-converted-to.pdf Graphic file (type pdf)
<use Grafici/Id(Vbg)_HfO2_MoS2-eps-converted-to.pdf>
Package pdftex.def Info: Grafici/Id(Vbg)_HfO2_MoS2-eps-converted-to.pdf  used o
n input line 124.
(pdftex.def)             Requested size: 390.0pt x 309.23639pt.
 [5 <./Grafici/Id(Vd)_HfO2_MoS2-eps-converted-to.pdf>]
Package epstopdf Info: Source file: <Grafici/Id(Vtg)_HfO2_MoS2_varying_Vds.eps>

(epstopdf)                    date: 2020-06-19 14:23:32
(epstopdf)                    size: 76520 bytes
(epstopdf)             Output file: <Grafici/Id(Vtg)_HfO2_MoS2_varying_Vds-eps-
converted-to.pdf>
(epstopdf)                    date: 2020-06-19 14:36:20
(epstopdf)                    size: 48083 bytes
(epstopdf)             Command: <repstopdf --outfile=Grafici/Id(Vtg)_HfO2_MoS2_
varying_Vds-eps-converted-to.pdf Grafici/Id(Vtg)_HfO2_MoS2_varying_Vds.eps>
(epstopdf)             \includegraphics on input line 131.
Package epstopdf Info: Output file is already uptodate.
<Grafici/Id(Vtg)_HfO2_MoS2_varying_Vds-eps-converted-to.pdf, id=92, 372.39125pt
 x 294.09875pt>
File: Grafici/Id(Vtg)_HfO2_MoS2_varying_Vds-eps-converted-to.pdf Graphic file (
type pdf)
<use Grafici/Id(Vtg)_HfO2_MoS2_varying_Vds-eps-converted-to.pdf>
Package pdftex.def Info: Grafici/Id(Vtg)_HfO2_MoS2_varying_Vds-eps-converted-to
.pdf  used on input line 131.
(pdftex.def)             Requested size: 390.0pt x 308.01399pt.
 [6 <./Grafici/Id(Vbg)_HfO2_MoS2-eps-converted-to.pdf>]
Package epstopdf Info: Source file: <Grafici/Id(Vtg)_HfO2_MoS2_varying_Vbg.eps>

(epstopdf)                    date: 2020-06-19 14:23:33
(epstopdf)                    size: 47070 bytes
(epstopdf)             Output file: <Grafici/Id(Vtg)_HfO2_MoS2_varying_Vbg-eps-
converted-to.pdf>
(epstopdf)                    date: 2020-06-19 14:36:18
(epstopdf)                    size: 20298 bytes
(epstopdf)             Command: <repstopdf --outfile=Grafici/Id(Vtg)_HfO2_MoS2_
varying_Vbg-eps-converted-to.pdf Grafici/Id(Vtg)_HfO2_MoS2_varying_Vbg.eps>
(epstopdf)             \includegraphics on input line 138.
Package epstopdf Info: Output file is already uptodate.
<Grafici/Id(Vtg)_HfO2_MoS2_varying_Vbg-eps-converted-to.pdf, id=103, 366.36874p
t x 292.09125pt>
File: Grafici/Id(Vtg)_HfO2_MoS2_varying_Vbg-eps-converted-to.pdf Graphic file (
type pdf)
<use Grafici/Id(Vtg)_HfO2_MoS2_varying_Vbg-eps-converted-to.pdf>
Package pdftex.def Info: Grafici/Id(Vtg)_HfO2_MoS2_varying_Vbg-eps-converted-to
.pdf  used on input line 138.
(pdftex.def)             Requested size: 390.0pt x 310.94785pt.
 [7 <./Grafici/Id(Vtg)_HfO2_MoS2_varying_Vds-eps-converted-to.pdf>]
Package epstopdf Info: Source file: <Grafici/Id(Vds)_HfO2_MoS2_varying_Vtg.eps>

(epstopdf)                    date: 2020-06-19 14:23:34
(epstopdf)                    size: 75787 bytes
(epstopdf)             Output file: <Grafici/Id(Vds)_HfO2_MoS2_varying_Vtg-eps-
converted-to.pdf>
(epstopdf)                    date: 2020-06-19 14:36:16
(epstopdf)                    size: 51582 bytes
(epstopdf)             Command: <repstopdf --outfile=Grafici/Id(Vds)_HfO2_MoS2_
varying_Vtg-eps-converted-to.pdf Grafici/Id(Vds)_HfO2_MoS2_varying_Vtg.eps>
(epstopdf)             \includegraphics on input line 145.
Package epstopdf Info: Output file is already uptodate.
<Grafici/Id(Vds)_HfO2_MoS2_varying_Vtg-eps-converted-to.pdf, id=114, 377.41pt x
 292.09125pt>
File: Grafici/Id(Vds)_HfO2_MoS2_varying_Vtg-eps-converted-to.pdf Graphic file (
type pdf)
<use Grafici/Id(Vds)_HfO2_MoS2_varying_Vtg-eps-converted-to.pdf>
Package pdftex.def Info: Grafici/Id(Vds)_HfO2_MoS2_varying_Vtg-eps-converted-to
.pdf  used on input line 145.
(pdftex.def)             Requested size: 390.0pt x 301.83339pt.
 [8 <./Grafici/Id(Vtg)_HfO2_MoS2_varying_Vbg-eps-converted-to.pdf>] [9 <./Grafi
ci/Id(Vds)_HfO2_MoS2_varying_Vtg-eps-converted-to.pdf>]
LaTeX Font Info:    Try loading font information for T1+cmtt on input line 156.

 (c:/Program Files/texlive/2019/texmf-dist/tex/latex/base/t1cmtt.fd
File: t1cmtt.fd 2014/09/29 v2.5h Standard LaTeX font definitions
)
Overfull \hbox (10.89566pt too wide) in paragraph at lines 157--157
\T1/cmr/m/n/12 Lin-coln J. Lauhon. ^^P  In-ves-ti-ga-tion of Band-Offsets at Mo
no-layer^^UMultilayer
 []

Package atveryend Info: Empty hook `BeforeClearDocument' on input line 158.
[10]
Package atveryend Info: Empty hook `AfterLastShipout' on input line 158.
 (./Report.aux)
Package atveryend Info: Executing hook `AtVeryEndDocument' on input line 158.
Package atveryend Info: Executing hook `AtEndAfterFileList' on input line 158.
Package rerunfilecheck Info: File `Report.out' has not changed.
(rerunfilecheck)             Checksum: A02D95553E30B97FF125B1AA17CF9044;47.
Package logreq Info: Writing requests to 'Report.run.xml'.
\openout1 = `Report.run.xml'.

 ) 
Here is how much of TeX's memory you used:
 16471 strings out of 492623
 274490 string characters out of 6126681
 739302 words of memory out of 5000000
 20144 multiletter control sequences out of 15000+600000
 22032 words of font info for 63 fonts, out of 8000000 for 9000
 1141 hyphenation exceptions out of 8191
 44i,5n,45p,798b,1665s stack positions out of 5000i,500n,10000p,200000b,80000s
{c:/Program Files/texlive/2019/texmf-dist/fonts/enc/dvips/cm-super/cm-super-t
1.enc}<c:/Program Files/texlive/2019/texmf-dist/fonts/type1/public/amsfonts/cm/
cmmi12.pfb><c:/Program Files/texlive/2019/texmf-dist/fonts/type1/public/amsfont
s/cm/cmmi8.pfb><c:/Program Files/texlive/2019/texmf-dist/fonts/type1/public/ams
fonts/cm/cmr12.pfb><c:/Program Files/texlive/2019/texmf-dist/fonts/type1/public
/amsfonts/cm/cmr17.pfb><c:/Program Files/texlive/2019/texmf-dist/fonts/type1/pu
blic/cm-super/sfbx1200.pfb><c:/Program Files/texlive/2019/texmf-dist/fonts/type
1/public/cm-super/sfbx1728.pfb><c:/Program Files/texlive/2019/texmf-dist/fonts/
type1/public/cm-super/sfbx2488.pfb><c:/Program Files/texlive/2019/texmf-dist/fo
nts/type1/public/cm-super/sfcc1200.pfb><c:/Program Files/texlive/2019/texmf-dis
t/fonts/type1/public/cm-super/sfcc1728.pfb><c:/Program Files/texlive/2019/texmf
-dist/fonts/type1/public/cm-super/sfcc2074.pfb><c:/Program Files/texlive/2019/t
exmf-dist/fonts/type1/public/cm-super/sfrm1200.pfb><c:/Program Files/texlive/20
19/texmf-dist/fonts/type1/public/cm-super/sfrm1440.pfb><c:/Program Files/texliv
e/2019/texmf-dist/fonts/type1/public/cm-super/sfti1200.pfb><c:/Program Files/te
xlive/2019/texmf-dist/fonts/type1/public/cm-super/sfti1728.pfb><c:/Program File
s/texlive/2019/texmf-dist/fonts/type1/public/cm-super/sftt1200.pfb>
Output written on Report.pdf (12 pages, 657942 bytes).
PDF statistics:
 212 PDF objects out of 1000 (max. 8388607)
 161 compressed objects within 2 object streams
 28 named destinations out of 1000 (max. 500000)
 59 words of extra memory for PDF output out of 10000 (max. 10000000)

